[2024-09-24T17:24:28.517+0000] {manager.py:487} INFO - Processing files using up to 2 processes at a time 
[2024-09-24T17:24:28.518+0000] {manager.py:488} INFO - Process each file at most once every 30 seconds
[2024-09-24T17:24:28.518+0000] {manager.py:489} INFO - Checking for new files in /opt/airflow/dags every 300 seconds
[2024-09-24T17:24:28.518+0000] {manager.py:759} INFO - Searching for files in /opt/airflow/dags
[2024-09-24T17:24:28.518+0000] {manager.py:762} INFO - There are 0 files in /opt/airflow/dags
[2024-09-24T17:29:29.252+0000] {manager.py:759} INFO - Searching for files in /opt/airflow/dags
[2024-09-24T17:29:29.253+0000] {manager.py:762} INFO - There are 0 files in /opt/airflow/dags
[2024-09-24T17:34:30.014+0000] {manager.py:759} INFO - Searching for files in /opt/airflow/dags
[2024-09-24T17:34:30.015+0000] {manager.py:762} INFO - There are 0 files in /opt/airflow/dags
[2024-09-24T17:39:30.682+0000] {manager.py:759} INFO - Searching for files in /opt/airflow/dags
[2024-09-24T17:39:30.684+0000] {manager.py:762} INFO - There are 0 files in /opt/airflow/dags
[2024-09-24T17:44:31.560+0000] {manager.py:759} INFO - Searching for files in /opt/airflow/dags
[2024-09-24T17:44:31.561+0000] {manager.py:762} INFO - There are 0 files in /opt/airflow/dags
[2024-09-24T17:49:32.209+0000] {manager.py:759} INFO - Searching for files in /opt/airflow/dags
[2024-09-24T17:49:32.210+0000] {manager.py:762} INFO - There are 0 files in /opt/airflow/dags
[2024-09-24T17:49:45.473+0000] {manager.py:469} INFO - Exiting gracefully upon receiving signal 15
[2024-09-24T17:50:13.888+0000] {manager.py:487} INFO - Processing files using up to 2 processes at a time 
[2024-09-24T17:50:13.888+0000] {manager.py:488} INFO - Process each file at most once every 30 seconds
[2024-09-24T17:50:13.888+0000] {manager.py:489} INFO - Checking for new files in /opt/airflow/dags every 300 seconds
[2024-09-24T17:50:13.888+0000] {manager.py:759} INFO - Searching for files in /opt/airflow/dags
[2024-09-24T17:50:13.889+0000] {manager.py:762} INFO - There are 0 files in /opt/airflow/dags
[2024-09-25T02:24:54.041+0000] {manager.py:487} INFO - Processing files using up to 2 processes at a time 
[2024-09-25T02:24:54.058+0000] {manager.py:488} INFO - Process each file at most once every 30 seconds
[2024-09-25T02:24:54.058+0000] {manager.py:489} INFO - Checking for new files in /opt/airflow/dags every 300 seconds
[2024-09-25T02:24:54.058+0000] {manager.py:759} INFO - Searching for files in /opt/airflow/dags
[2024-09-25T02:24:54.059+0000] {manager.py:762} INFO - There are 0 files in /opt/airflow/dags
[2024-09-25T02:29:54.430+0000] {manager.py:759} INFO - Searching for files in /opt/airflow/dags
[2024-09-25T02:29:54.430+0000] {manager.py:762} INFO - There are 0 files in /opt/airflow/dags
[2024-09-25T02:34:54.797+0000] {manager.py:759} INFO - Searching for files in /opt/airflow/dags
[2024-09-25T02:34:54.798+0000] {manager.py:762} INFO - There are 0 files in /opt/airflow/dags
[2024-09-25T02:39:55.147+0000] {manager.py:759} INFO - Searching for files in /opt/airflow/dags
[2024-09-25T02:39:55.147+0000] {manager.py:762} INFO - There are 0 files in /opt/airflow/dags
[2024-09-25T02:44:55.434+0000] {manager.py:759} INFO - Searching for files in /opt/airflow/dags
[2024-09-25T02:44:55.435+0000] {manager.py:762} INFO - There are 0 files in /opt/airflow/dags
[2024-09-25T02:49:55.712+0000] {manager.py:759} INFO - Searching for files in /opt/airflow/dags
[2024-09-25T02:49:55.713+0000] {manager.py:762} INFO - There are 0 files in /opt/airflow/dags
[2024-09-25T02:54:56.156+0000] {manager.py:759} INFO - Searching for files in /opt/airflow/dags
[2024-09-25T02:54:56.157+0000] {manager.py:762} INFO - There are 0 files in /opt/airflow/dags
[2024-09-25T02:59:56.440+0000] {manager.py:759} INFO - Searching for files in /opt/airflow/dags
[2024-09-25T02:59:56.441+0000] {manager.py:762} INFO - There are 0 files in /opt/airflow/dags
[2024-09-25T03:04:56.717+0000] {manager.py:759} INFO - Searching for files in /opt/airflow/dags
[2024-09-25T03:04:56.718+0000] {manager.py:762} INFO - There are 0 files in /opt/airflow/dags
[2024-09-25T03:09:56.998+0000] {manager.py:759} INFO - Searching for files in /opt/airflow/dags
[2024-09-25T03:09:56.998+0000] {manager.py:762} INFO - There are 0 files in /opt/airflow/dags
[2024-09-25T03:14:57.324+0000] {manager.py:759} INFO - Searching for files in /opt/airflow/dags
[2024-09-25T03:14:57.325+0000] {manager.py:762} INFO - There are 0 files in /opt/airflow/dags
[2024-09-25T03:19:57.611+0000] {manager.py:759} INFO - Searching for files in /opt/airflow/dags
[2024-09-25T03:19:57.611+0000] {manager.py:762} INFO - There are 0 files in /opt/airflow/dags
[2024-09-25T03:24:57.941+0000] {manager.py:759} INFO - Searching for files in /opt/airflow/dags
[2024-09-25T03:24:57.942+0000] {manager.py:762} INFO - There are 0 files in /opt/airflow/dags
[2024-09-25T03:29:58.283+0000] {manager.py:759} INFO - Searching for files in /opt/airflow/dags
[2024-09-25T03:29:58.284+0000] {manager.py:762} INFO - There are 0 files in /opt/airflow/dags
[2024-09-25T03:34:58.561+0000] {manager.py:759} INFO - Searching for files in /opt/airflow/dags
[2024-09-25T03:34:58.562+0000] {manager.py:762} INFO - There are 0 files in /opt/airflow/dags
[2024-09-25T03:39:58.917+0000] {manager.py:759} INFO - Searching for files in /opt/airflow/dags
[2024-09-25T03:39:58.918+0000] {manager.py:762} INFO - There are 0 files in /opt/airflow/dags
[2024-09-25T03:44:59.211+0000] {manager.py:759} INFO - Searching for files in /opt/airflow/dags
[2024-09-25T03:44:59.212+0000] {manager.py:762} INFO - There are 0 files in /opt/airflow/dags
[2024-09-25T03:49:59.475+0000] {manager.py:759} INFO - Searching for files in /opt/airflow/dags
[2024-09-25T03:49:59.476+0000] {manager.py:762} INFO - There are 0 files in /opt/airflow/dags
[2024-09-25T03:54:59.832+0000] {manager.py:759} INFO - Searching for files in /opt/airflow/dags
[2024-09-25T03:54:59.833+0000] {manager.py:762} INFO - There are 0 files in /opt/airflow/dags
[2024-09-25T04:00:00.130+0000] {manager.py:759} INFO - Searching for files in /opt/airflow/dags
[2024-09-25T04:00:00.131+0000] {manager.py:762} INFO - There are 0 files in /opt/airflow/dags
[2024-09-25T04:05:00.356+0000] {manager.py:759} INFO - Searching for files in /opt/airflow/dags
[2024-09-25T04:05:00.357+0000] {manager.py:762} INFO - There are 0 files in /opt/airflow/dags
[2024-09-25T04:10:00.627+0000] {manager.py:759} INFO - Searching for files in /opt/airflow/dags
[2024-09-25T04:10:00.628+0000] {manager.py:762} INFO - There are 0 files in /opt/airflow/dags
[2024-09-25T04:15:00.855+0000] {manager.py:759} INFO - Searching for files in /opt/airflow/dags
[2024-09-25T04:15:00.855+0000] {manager.py:762} INFO - There are 0 files in /opt/airflow/dags
[2024-09-25T04:20:01.225+0000] {manager.py:759} INFO - Searching for files in /opt/airflow/dags
[2024-09-25T04:20:01.225+0000] {manager.py:762} INFO - There are 0 files in /opt/airflow/dags
[2024-09-25T04:25:01.592+0000] {manager.py:759} INFO - Searching for files in /opt/airflow/dags
[2024-09-25T04:25:01.593+0000] {manager.py:762} INFO - There are 0 files in /opt/airflow/dags
[2024-09-25T04:30:01.924+0000] {manager.py:759} INFO - Searching for files in /opt/airflow/dags
[2024-09-25T04:30:01.925+0000] {manager.py:762} INFO - There are 0 files in /opt/airflow/dags
[2024-09-25T04:35:02.281+0000] {manager.py:759} INFO - Searching for files in /opt/airflow/dags
[2024-09-25T04:35:02.282+0000] {manager.py:762} INFO - There are 0 files in /opt/airflow/dags
[2024-09-25T04:40:02.696+0000] {manager.py:759} INFO - Searching for files in /opt/airflow/dags
[2024-09-25T04:40:02.697+0000] {manager.py:762} INFO - There are 0 files in /opt/airflow/dags
[2024-09-25T04:45:03.088+0000] {manager.py:759} INFO - Searching for files in /opt/airflow/dags
[2024-09-25T04:45:03.089+0000] {manager.py:762} INFO - There are 0 files in /opt/airflow/dags
[2024-09-25T04:50:03.487+0000] {manager.py:759} INFO - Searching for files in /opt/airflow/dags
[2024-09-25T04:50:03.488+0000] {manager.py:762} INFO - There are 0 files in /opt/airflow/dags
[2024-09-25T04:55:03.886+0000] {manager.py:759} INFO - Searching for files in /opt/airflow/dags
[2024-09-25T04:55:03.887+0000] {manager.py:762} INFO - There are 0 files in /opt/airflow/dags
[2024-09-25T05:00:04.295+0000] {manager.py:759} INFO - Searching for files in /opt/airflow/dags
[2024-09-25T05:00:04.296+0000] {manager.py:762} INFO - There are 0 files in /opt/airflow/dags
[2024-09-25T05:05:04.686+0000] {manager.py:759} INFO - Searching for files in /opt/airflow/dags
[2024-09-25T05:05:04.687+0000] {manager.py:762} INFO - There are 0 files in /opt/airflow/dags
[2024-09-25T05:10:05.077+0000] {manager.py:759} INFO - Searching for files in /opt/airflow/dags
[2024-09-25T05:10:05.077+0000] {manager.py:762} INFO - There are 0 files in /opt/airflow/dags
[2024-09-25T05:15:05.501+0000] {manager.py:759} INFO - Searching for files in /opt/airflow/dags
[2024-09-25T05:15:05.501+0000] {manager.py:762} INFO - There are 0 files in /opt/airflow/dags
[2024-09-25T05:20:05.868+0000] {manager.py:759} INFO - Searching for files in /opt/airflow/dags
[2024-09-25T05:20:05.868+0000] {manager.py:762} INFO - There are 0 files in /opt/airflow/dags
[2024-09-25T05:25:06.244+0000] {manager.py:759} INFO - Searching for files in /opt/airflow/dags
[2024-09-25T05:25:06.245+0000] {manager.py:762} INFO - There are 0 files in /opt/airflow/dags
[2024-09-25T05:30:06.615+0000] {manager.py:759} INFO - Searching for files in /opt/airflow/dags
[2024-09-25T05:30:06.616+0000] {manager.py:762} INFO - There are 0 files in /opt/airflow/dags
[2024-09-25T05:35:07.019+0000] {manager.py:759} INFO - Searching for files in /opt/airflow/dags
[2024-09-25T05:35:07.020+0000] {manager.py:762} INFO - There are 0 files in /opt/airflow/dags
[2024-09-25T05:40:07.359+0000] {manager.py:759} INFO - Searching for files in /opt/airflow/dags
[2024-09-25T05:40:07.360+0000] {manager.py:762} INFO - There are 0 files in /opt/airflow/dags
[2024-09-25T05:45:07.776+0000] {manager.py:759} INFO - Searching for files in /opt/airflow/dags
[2024-09-25T05:45:07.777+0000] {manager.py:762} INFO - There are 0 files in /opt/airflow/dags
[2024-09-25T05:50:08.173+0000] {manager.py:759} INFO - Searching for files in /opt/airflow/dags
[2024-09-25T05:50:08.174+0000] {manager.py:762} INFO - There are 0 files in /opt/airflow/dags
[2024-09-25T05:55:08.567+0000] {manager.py:759} INFO - Searching for files in /opt/airflow/dags
[2024-09-25T05:55:08.568+0000] {manager.py:762} INFO - There are 0 files in /opt/airflow/dags
[2024-09-25T06:00:08.983+0000] {manager.py:759} INFO - Searching for files in /opt/airflow/dags
[2024-09-25T06:00:08.984+0000] {manager.py:762} INFO - There are 0 files in /opt/airflow/dags
[2024-09-25T06:05:09.334+0000] {manager.py:759} INFO - Searching for files in /opt/airflow/dags
[2024-09-25T06:05:09.334+0000] {manager.py:762} INFO - There are 0 files in /opt/airflow/dags
[2024-09-25T06:10:09.747+0000] {manager.py:759} INFO - Searching for files in /opt/airflow/dags
[2024-09-25T06:10:09.748+0000] {manager.py:762} INFO - There are 0 files in /opt/airflow/dags
[2024-09-25T06:15:10.033+0000] {manager.py:759} INFO - Searching for files in /opt/airflow/dags
[2024-09-25T06:15:10.033+0000] {manager.py:762} INFO - There are 0 files in /opt/airflow/dags
[2024-09-25T06:20:10.324+0000] {manager.py:759} INFO - Searching for files in /opt/airflow/dags
[2024-09-25T06:20:10.325+0000] {manager.py:762} INFO - There are 0 files in /opt/airflow/dags
[2024-09-25T06:25:10.598+0000] {manager.py:759} INFO - Searching for files in /opt/airflow/dags
[2024-09-25T06:25:10.599+0000] {manager.py:762} INFO - There are 0 files in /opt/airflow/dags
[2024-09-25T06:30:10.917+0000] {manager.py:759} INFO - Searching for files in /opt/airflow/dags
[2024-09-25T06:30:10.918+0000] {manager.py:762} INFO - There are 0 files in /opt/airflow/dags
[2024-09-25T06:35:11.170+0000] {manager.py:759} INFO - Searching for files in /opt/airflow/dags
[2024-09-25T06:35:11.171+0000] {manager.py:762} INFO - There are 0 files in /opt/airflow/dags
[2024-09-25T06:40:11.484+0000] {manager.py:759} INFO - Searching for files in /opt/airflow/dags
[2024-09-25T06:40:11.485+0000] {manager.py:762} INFO - There are 0 files in /opt/airflow/dags
[2024-09-25T06:45:11.779+0000] {manager.py:759} INFO - Searching for files in /opt/airflow/dags
[2024-09-25T06:45:11.779+0000] {manager.py:762} INFO - There are 0 files in /opt/airflow/dags
[2024-09-25T06:50:12.049+0000] {manager.py:759} INFO - Searching for files in /opt/airflow/dags
[2024-09-25T06:50:12.050+0000] {manager.py:762} INFO - There are 0 files in /opt/airflow/dags
[2024-09-25T06:55:12.320+0000] {manager.py:759} INFO - Searching for files in /opt/airflow/dags
[2024-09-25T06:55:12.321+0000] {manager.py:762} INFO - There are 0 files in /opt/airflow/dags
[2024-09-25T07:00:12.635+0000] {manager.py:759} INFO - Searching for files in /opt/airflow/dags
[2024-09-25T07:00:12.636+0000] {manager.py:762} INFO - There are 0 files in /opt/airflow/dags
[2024-09-25T07:05:12.880+0000] {manager.py:759} INFO - Searching for files in /opt/airflow/dags
[2024-09-25T07:05:12.881+0000] {manager.py:762} INFO - There are 0 files in /opt/airflow/dags
[2024-09-25T07:10:13.106+0000] {manager.py:759} INFO - Searching for files in /opt/airflow/dags
[2024-09-25T07:10:13.107+0000] {manager.py:762} INFO - There are 0 files in /opt/airflow/dags
[2024-09-25T07:15:13.275+0000] {manager.py:759} INFO - Searching for files in /opt/airflow/dags
[2024-09-25T07:15:13.276+0000] {manager.py:762} INFO - There are 0 files in /opt/airflow/dags
[2024-09-25T07:20:13.480+0000] {manager.py:759} INFO - Searching for files in /opt/airflow/dags
[2024-09-25T07:20:13.480+0000] {manager.py:762} INFO - There are 0 files in /opt/airflow/dags
[2024-09-25T07:25:13.667+0000] {manager.py:759} INFO - Searching for files in /opt/airflow/dags
[2024-09-25T07:25:13.668+0000] {manager.py:762} INFO - There are 0 files in /opt/airflow/dags
[2024-09-25T07:30:13.850+0000] {manager.py:759} INFO - Searching for files in /opt/airflow/dags
[2024-09-25T07:30:13.850+0000] {manager.py:762} INFO - There are 0 files in /opt/airflow/dags
[2024-09-25T07:35:14.134+0000] {manager.py:759} INFO - Searching for files in /opt/airflow/dags
[2024-09-25T07:35:14.135+0000] {manager.py:762} INFO - There are 0 files in /opt/airflow/dags
[2024-09-25T07:40:14.408+0000] {manager.py:759} INFO - Searching for files in /opt/airflow/dags
[2024-09-25T07:40:14.409+0000] {manager.py:762} INFO - There are 0 files in /opt/airflow/dags
[2024-09-25T07:45:14.730+0000] {manager.py:759} INFO - Searching for files in /opt/airflow/dags
[2024-09-25T07:45:14.731+0000] {manager.py:762} INFO - There are 0 files in /opt/airflow/dags
[2024-09-25T07:50:14.926+0000] {manager.py:759} INFO - Searching for files in /opt/airflow/dags
[2024-09-25T07:50:14.927+0000] {manager.py:762} INFO - There are 0 files in /opt/airflow/dags
[2024-09-25T07:55:15.151+0000] {manager.py:759} INFO - Searching for files in /opt/airflow/dags
[2024-09-25T07:55:15.152+0000] {manager.py:762} INFO - There are 0 files in /opt/airflow/dags
[2024-09-25T08:00:15.349+0000] {manager.py:759} INFO - Searching for files in /opt/airflow/dags
[2024-09-25T08:00:15.350+0000] {manager.py:762} INFO - There are 0 files in /opt/airflow/dags
[2024-09-25T08:05:15.577+0000] {manager.py:759} INFO - Searching for files in /opt/airflow/dags
[2024-09-25T08:05:15.578+0000] {manager.py:762} INFO - There are 0 files in /opt/airflow/dags
[2024-09-25T08:10:15.756+0000] {manager.py:759} INFO - Searching for files in /opt/airflow/dags
[2024-09-25T08:10:15.757+0000] {manager.py:762} INFO - There are 0 files in /opt/airflow/dags
[2024-09-25T08:15:15.975+0000] {manager.py:759} INFO - Searching for files in /opt/airflow/dags
[2024-09-25T08:15:15.976+0000] {manager.py:762} INFO - There are 0 files in /opt/airflow/dags
[2024-09-25T08:20:16.240+0000] {manager.py:759} INFO - Searching for files in /opt/airflow/dags
[2024-09-25T08:20:16.241+0000] {manager.py:762} INFO - There are 0 files in /opt/airflow/dags
[2024-09-25T08:25:16.523+0000] {manager.py:759} INFO - Searching for files in /opt/airflow/dags
[2024-09-25T08:25:16.524+0000] {manager.py:762} INFO - There are 0 files in /opt/airflow/dags
[2024-09-25T08:30:16.768+0000] {manager.py:759} INFO - Searching for files in /opt/airflow/dags
[2024-09-25T08:30:16.769+0000] {manager.py:762} INFO - There are 0 files in /opt/airflow/dags
[2024-09-25T08:35:17.015+0000] {manager.py:759} INFO - Searching for files in /opt/airflow/dags
[2024-09-25T08:35:17.016+0000] {manager.py:762} INFO - There are 0 files in /opt/airflow/dags
[2024-09-25T08:40:17.258+0000] {manager.py:759} INFO - Searching for files in /opt/airflow/dags
[2024-09-25T08:40:17.259+0000] {manager.py:762} INFO - There are 0 files in /opt/airflow/dags
[2024-09-25T08:45:17.488+0000] {manager.py:759} INFO - Searching for files in /opt/airflow/dags
[2024-09-25T08:45:17.489+0000] {manager.py:762} INFO - There are 0 files in /opt/airflow/dags
[2024-09-25T08:50:17.704+0000] {manager.py:759} INFO - Searching for files in /opt/airflow/dags
[2024-09-25T08:50:17.705+0000] {manager.py:762} INFO - There are 0 files in /opt/airflow/dags
[2024-09-25T08:55:17.908+0000] {manager.py:759} INFO - Searching for files in /opt/airflow/dags
[2024-09-25T08:55:17.909+0000] {manager.py:762} INFO - There are 0 files in /opt/airflow/dags
[2024-09-25T09:00:18.133+0000] {manager.py:759} INFO - Searching for files in /opt/airflow/dags
[2024-09-25T09:00:18.134+0000] {manager.py:762} INFO - There are 0 files in /opt/airflow/dags
[2024-09-25T09:05:18.421+0000] {manager.py:759} INFO - Searching for files in /opt/airflow/dags
[2024-09-25T09:05:18.422+0000] {manager.py:762} INFO - There are 0 files in /opt/airflow/dags
[2024-09-25T09:10:18.721+0000] {manager.py:759} INFO - Searching for files in /opt/airflow/dags
[2024-09-25T09:10:18.721+0000] {manager.py:762} INFO - There are 0 files in /opt/airflow/dags
[2024-09-25T09:15:18.956+0000] {manager.py:759} INFO - Searching for files in /opt/airflow/dags
[2024-09-25T09:15:18.957+0000] {manager.py:762} INFO - There are 0 files in /opt/airflow/dags
[2024-09-25T09:20:19.210+0000] {manager.py:759} INFO - Searching for files in /opt/airflow/dags
[2024-09-25T09:20:19.211+0000] {manager.py:762} INFO - There are 0 files in /opt/airflow/dags
[2024-09-25T09:25:19.476+0000] {manager.py:759} INFO - Searching for files in /opt/airflow/dags
[2024-09-25T09:25:19.477+0000] {manager.py:762} INFO - There are 0 files in /opt/airflow/dags
[2024-09-25T09:30:19.762+0000] {manager.py:759} INFO - Searching for files in /opt/airflow/dags
[2024-09-25T09:30:19.763+0000] {manager.py:762} INFO - There are 0 files in /opt/airflow/dags
[2024-09-25T09:35:19.888+0000] {manager.py:759} INFO - Searching for files in /opt/airflow/dags
[2024-09-25T09:35:19.888+0000] {manager.py:762} INFO - There are 0 files in /opt/airflow/dags
[2024-09-25T09:40:20.127+0000] {manager.py:759} INFO - Searching for files in /opt/airflow/dags
[2024-09-25T09:40:20.128+0000] {manager.py:762} INFO - There are 0 files in /opt/airflow/dags
[2024-09-25T09:45:20.345+0000] {manager.py:759} INFO - Searching for files in /opt/airflow/dags
[2024-09-25T09:45:20.345+0000] {manager.py:762} INFO - There are 0 files in /opt/airflow/dags
[2024-09-25T09:50:20.506+0000] {manager.py:759} INFO - Searching for files in /opt/airflow/dags
[2024-09-25T09:50:20.507+0000] {manager.py:762} INFO - There are 0 files in /opt/airflow/dags
[2024-09-25T09:55:20.549+0000] {manager.py:759} INFO - Searching for files in /opt/airflow/dags
[2024-09-25T09:55:20.549+0000] {manager.py:762} INFO - There are 0 files in /opt/airflow/dags
[2024-09-25T10:00:20.750+0000] {manager.py:759} INFO - Searching for files in /opt/airflow/dags
[2024-09-25T10:00:20.751+0000] {manager.py:762} INFO - There are 0 files in /opt/airflow/dags
[2024-09-25T10:05:21.718+0000] {manager.py:759} INFO - Searching for files in /opt/airflow/dags
[2024-09-25T10:05:21.719+0000] {manager.py:762} INFO - There are 0 files in /opt/airflow/dags
[2024-09-25T10:05:38.488+0000] {manager.py:469} INFO - Exiting gracefully upon receiving signal 15
[2024-09-26T02:54:35.613+0000] {manager.py:487} INFO - Processing files using up to 2 processes at a time 
[2024-09-26T02:54:35.624+0000] {manager.py:488} INFO - Process each file at most once every 30 seconds
[2024-09-26T02:54:35.624+0000] {manager.py:489} INFO - Checking for new files in /opt/airflow/dags every 300 seconds
[2024-09-26T02:54:35.624+0000] {manager.py:759} INFO - Searching for files in /opt/airflow/dags
[2024-09-26T02:54:35.624+0000] {manager.py:762} INFO - There are 0 files in /opt/airflow/dags
[2024-09-26T02:59:35.906+0000] {manager.py:759} INFO - Searching for files in /opt/airflow/dags
[2024-09-26T02:59:35.907+0000] {manager.py:762} INFO - There are 0 files in /opt/airflow/dags
[2024-09-26T03:04:36.104+0000] {manager.py:759} INFO - Searching for files in /opt/airflow/dags
[2024-09-26T03:04:36.105+0000] {manager.py:762} INFO - There are 0 files in /opt/airflow/dags
[2024-09-26T03:05:14.251+0000] {manager.py:469} INFO - Exiting gracefully upon receiving signal 15
[2024-09-26T03:16:53.469+0000] {manager.py:487} INFO - Processing files using up to 2 processes at a time 
[2024-09-26T03:16:53.528+0000] {manager.py:488} INFO - Process each file at most once every 30 seconds
[2024-09-26T03:16:53.529+0000] {manager.py:489} INFO - Checking for new files in /opt/airflow/dags every 300 seconds
[2024-09-26T03:16:53.529+0000] {manager.py:759} INFO - Searching for files in /opt/airflow/dags
[2024-09-26T03:16:53.529+0000] {manager.py:762} INFO - There are 0 files in /opt/airflow/dags
[2024-09-26T03:21:53.891+0000] {manager.py:759} INFO - Searching for files in /opt/airflow/dags
[2024-09-26T03:21:53.892+0000] {manager.py:762} INFO - There are 0 files in /opt/airflow/dags
[2024-09-26T03:26:54.097+0000] {manager.py:759} INFO - Searching for files in /opt/airflow/dags
[2024-09-26T03:26:54.098+0000] {manager.py:762} INFO - There are 0 files in /opt/airflow/dags
[2024-09-26T03:31:54.283+0000] {manager.py:759} INFO - Searching for files in /opt/airflow/dags
[2024-09-26T03:31:54.283+0000] {manager.py:762} INFO - There are 0 files in /opt/airflow/dags
[2024-09-26T03:36:54.424+0000] {manager.py:759} INFO - Searching for files in /opt/airflow/dags
[2024-09-26T03:36:54.425+0000] {manager.py:762} INFO - There are 0 files in /opt/airflow/dags
[2024-09-26T03:41:55.226+0000] {manager.py:759} INFO - Searching for files in /opt/airflow/dags
[2024-09-26T03:41:59.559+0000] {manager.py:762} INFO - There are 0 files in /opt/airflow/dags
[2024-09-26T03:47:11.449+0000] {manager.py:759} INFO - Searching for files in /opt/airflow/dags
[2024-09-26T03:47:14.296+0000] {manager.py:762} INFO - There are 0 files in /opt/airflow/dags
[2024-09-26T03:52:11.358+0000] {manager.py:759} INFO - Searching for files in /opt/airflow/dags
[2024-09-26T03:52:11.359+0000] {manager.py:762} INFO - There are 0 files in /opt/airflow/dags
[2024-09-26T03:57:11.535+0000] {manager.py:759} INFO - Searching for files in /opt/airflow/dags
[2024-09-26T03:57:11.535+0000] {manager.py:762} INFO - There are 0 files in /opt/airflow/dags
[2024-09-26T04:02:11.748+0000] {manager.py:759} INFO - Searching for files in /opt/airflow/dags
[2024-09-26T04:02:11.749+0000] {manager.py:762} INFO - There are 0 files in /opt/airflow/dags
[2024-09-26T04:07:11.903+0000] {manager.py:759} INFO - Searching for files in /opt/airflow/dags
[2024-09-26T04:07:11.904+0000] {manager.py:762} INFO - There are 0 files in /opt/airflow/dags
[2024-09-26T04:12:12.128+0000] {manager.py:759} INFO - Searching for files in /opt/airflow/dags
[2024-09-26T04:12:12.130+0000] {manager.py:762} INFO - There are 0 files in /opt/airflow/dags
[2024-09-26T04:17:12.573+0000] {manager.py:759} INFO - Searching for files in /opt/airflow/dags
[2024-09-26T04:17:12.573+0000] {manager.py:762} INFO - There are 0 files in /opt/airflow/dags
[2024-09-26T04:22:12.906+0000] {manager.py:759} INFO - Searching for files in /opt/airflow/dags
[2024-09-26T04:22:12.907+0000] {manager.py:762} INFO - There are 0 files in /opt/airflow/dags
[2024-09-26T04:27:13.248+0000] {manager.py:759} INFO - Searching for files in /opt/airflow/dags
[2024-09-26T04:27:13.249+0000] {manager.py:762} INFO - There are 0 files in /opt/airflow/dags
[2024-09-26T04:32:13.538+0000] {manager.py:759} INFO - Searching for files in /opt/airflow/dags
[2024-09-26T04:32:13.539+0000] {manager.py:762} INFO - There are 0 files in /opt/airflow/dags
[2024-09-26T04:37:13.870+0000] {manager.py:759} INFO - Searching for files in /opt/airflow/dags
[2024-09-26T04:37:13.880+0000] {manager.py:762} INFO - There are 0 files in /opt/airflow/dags
[2024-09-26T04:42:14.176+0000] {manager.py:759} INFO - Searching for files in /opt/airflow/dags
[2024-09-26T04:42:14.177+0000] {manager.py:762} INFO - There are 0 files in /opt/airflow/dags
[2024-09-26T04:47:14.540+0000] {manager.py:759} INFO - Searching for files in /opt/airflow/dags
[2024-09-26T04:47:14.540+0000] {manager.py:762} INFO - There are 0 files in /opt/airflow/dags
[2024-09-26T11:59:38.165+0000] {manager.py:487} INFO - Processing files using up to 2 processes at a time 
[2024-09-26T11:59:38.165+0000] {manager.py:488} INFO - Process each file at most once every 30 seconds
[2024-09-26T11:59:38.165+0000] {manager.py:489} INFO - Checking for new files in /opt/airflow/dags every 300 seconds
[2024-09-26T11:59:38.165+0000] {manager.py:759} INFO - Searching for files in /opt/airflow/dags
[2024-09-26T11:59:38.166+0000] {manager.py:762} INFO - There are 0 files in /opt/airflow/dags
[2024-09-26T12:03:48.350+0000] {manager.py:487} INFO - Processing files using up to 2 processes at a time 
[2024-09-26T12:03:48.351+0000] {manager.py:488} INFO - Process each file at most once every 30 seconds
[2024-09-26T12:03:48.351+0000] {manager.py:489} INFO - Checking for new files in /opt/airflow/dags every 300 seconds
[2024-09-26T12:03:48.351+0000] {manager.py:759} INFO - Searching for files in /opt/airflow/dags
[2024-09-26T12:03:48.351+0000] {manager.py:762} INFO - There are 0 files in /opt/airflow/dags
[2024-09-26T12:08:48.948+0000] {manager.py:759} INFO - Searching for files in /opt/airflow/dags
[2024-09-26T12:08:48.949+0000] {manager.py:762} INFO - There are 0 files in /opt/airflow/dags
[2024-09-26T12:13:49.476+0000] {manager.py:759} INFO - Searching for files in /opt/airflow/dags
[2024-09-26T12:13:49.478+0000] {manager.py:762} INFO - There are 0 files in /opt/airflow/dags
[2024-09-26T12:18:49.989+0000] {manager.py:759} INFO - Searching for files in /opt/airflow/dags
[2024-09-26T12:18:49.990+0000] {manager.py:762} INFO - There are 0 files in /opt/airflow/dags
[2024-09-26T12:23:50.411+0000] {manager.py:759} INFO - Searching for files in /opt/airflow/dags
[2024-09-26T12:23:50.411+0000] {manager.py:762} INFO - There are 0 files in /opt/airflow/dags
[2024-09-26T12:28:50.898+0000] {manager.py:759} INFO - Searching for files in /opt/airflow/dags
[2024-09-26T12:28:50.898+0000] {manager.py:762} INFO - There are 0 files in /opt/airflow/dags
[2024-09-26T12:33:51.491+0000] {manager.py:759} INFO - Searching for files in /opt/airflow/dags
[2024-09-26T12:33:51.493+0000] {manager.py:762} INFO - There are 0 files in /opt/airflow/dags
[2024-09-26T12:38:52.089+0000] {manager.py:759} INFO - Searching for files in /opt/airflow/dags
[2024-09-26T12:38:52.089+0000] {manager.py:762} INFO - There are 0 files in /opt/airflow/dags
[2024-09-26T12:43:52.710+0000] {manager.py:759} INFO - Searching for files in /opt/airflow/dags
[2024-09-26T12:43:52.711+0000] {manager.py:762} INFO - There are 0 files in /opt/airflow/dags
[2024-09-26T12:48:53.282+0000] {manager.py:759} INFO - Searching for files in /opt/airflow/dags
[2024-09-26T12:48:53.283+0000] {manager.py:762} INFO - There are 0 files in /opt/airflow/dags
[2024-09-26T12:53:53.839+0000] {manager.py:759} INFO - Searching for files in /opt/airflow/dags
[2024-09-26T12:53:53.839+0000] {manager.py:762} INFO - There are 0 files in /opt/airflow/dags
[2024-09-26T12:58:54.472+0000] {manager.py:759} INFO - Searching for files in /opt/airflow/dags
[2024-09-26T12:58:54.473+0000] {manager.py:762} INFO - There are 0 files in /opt/airflow/dags
[2024-09-26T13:03:55.045+0000] {manager.py:759} INFO - Searching for files in /opt/airflow/dags
[2024-09-26T13:03:55.046+0000] {manager.py:762} INFO - There are 0 files in /opt/airflow/dags
[2024-09-26T13:08:55.615+0000] {manager.py:759} INFO - Searching for files in /opt/airflow/dags
[2024-09-26T13:08:55.616+0000] {manager.py:762} INFO - There are 0 files in /opt/airflow/dags
[2024-09-26T13:13:56.203+0000] {manager.py:759} INFO - Searching for files in /opt/airflow/dags
[2024-09-26T13:13:56.204+0000] {manager.py:762} INFO - There are 0 files in /opt/airflow/dags
[2024-09-26T13:18:56.679+0000] {manager.py:759} INFO - Searching for files in /opt/airflow/dags
[2024-09-26T13:18:56.680+0000] {manager.py:762} INFO - There are 0 files in /opt/airflow/dags
[2024-09-26T13:23:57.263+0000] {manager.py:759} INFO - Searching for files in /opt/airflow/dags
[2024-09-26T13:23:57.264+0000] {manager.py:762} INFO - There are 0 files in /opt/airflow/dags
[2024-09-26T13:28:57.747+0000] {manager.py:759} INFO - Searching for files in /opt/airflow/dags
[2024-09-26T13:28:57.748+0000] {manager.py:762} INFO - There are 0 files in /opt/airflow/dags
[2024-09-26T13:33:58.303+0000] {manager.py:759} INFO - Searching for files in /opt/airflow/dags
[2024-09-26T13:33:58.305+0000] {manager.py:762} INFO - There are 0 files in /opt/airflow/dags
[2024-09-26T13:38:58.849+0000] {manager.py:759} INFO - Searching for files in /opt/airflow/dags
[2024-09-26T13:38:58.850+0000] {manager.py:762} INFO - There are 0 files in /opt/airflow/dags
[2024-09-26T13:43:59.493+0000] {manager.py:759} INFO - Searching for files in /opt/airflow/dags
[2024-09-26T13:43:59.494+0000] {manager.py:762} INFO - There are 0 files in /opt/airflow/dags
[2024-09-26T13:49:00.147+0000] {manager.py:759} INFO - Searching for files in /opt/airflow/dags
[2024-09-26T13:49:00.148+0000] {manager.py:762} INFO - There are 0 files in /opt/airflow/dags
[2024-09-26T13:54:00.774+0000] {manager.py:759} INFO - Searching for files in /opt/airflow/dags
[2024-09-26T13:54:00.775+0000] {manager.py:762} INFO - There are 0 files in /opt/airflow/dags
[2024-09-26T13:59:01.224+0000] {manager.py:759} INFO - Searching for files in /opt/airflow/dags
[2024-09-26T13:59:01.225+0000] {manager.py:762} INFO - There are 0 files in /opt/airflow/dags
[2024-09-26T14:04:01.897+0000] {manager.py:759} INFO - Searching for files in /opt/airflow/dags
[2024-09-26T14:04:01.899+0000] {manager.py:762} INFO - There are 0 files in /opt/airflow/dags
[2024-09-26T14:09:02.459+0000] {manager.py:759} INFO - Searching for files in /opt/airflow/dags
[2024-09-26T14:09:02.460+0000] {manager.py:762} INFO - There are 0 files in /opt/airflow/dags
[2024-09-26T14:14:02.976+0000] {manager.py:759} INFO - Searching for files in /opt/airflow/dags
[2024-09-26T14:14:02.977+0000] {manager.py:762} INFO - There are 0 files in /opt/airflow/dags
[2024-09-26T14:19:03.680+0000] {manager.py:759} INFO - Searching for files in /opt/airflow/dags
[2024-09-26T14:19:03.681+0000] {manager.py:762} INFO - There are 0 files in /opt/airflow/dags
[2024-09-26T14:24:04.380+0000] {manager.py:759} INFO - Searching for files in /opt/airflow/dags
[2024-09-26T14:24:04.381+0000] {manager.py:762} INFO - There are 0 files in /opt/airflow/dags
[2024-09-26T14:29:04.785+0000] {manager.py:759} INFO - Searching for files in /opt/airflow/dags
[2024-09-26T14:29:04.785+0000] {manager.py:762} INFO - There are 0 files in /opt/airflow/dags
[2024-09-26T14:34:05.190+0000] {manager.py:759} INFO - Searching for files in /opt/airflow/dags
[2024-09-26T14:34:05.191+0000] {manager.py:762} INFO - There are 0 files in /opt/airflow/dags
[2024-09-26T14:39:05.660+0000] {manager.py:759} INFO - Searching for files in /opt/airflow/dags
[2024-09-26T14:39:05.661+0000] {manager.py:762} INFO - There are 0 files in /opt/airflow/dags
[2024-09-26T14:44:06.261+0000] {manager.py:759} INFO - Searching for files in /opt/airflow/dags
[2024-09-26T14:44:06.263+0000] {manager.py:762} INFO - There are 0 files in /opt/airflow/dags
[2024-09-26T14:49:06.934+0000] {manager.py:759} INFO - Searching for files in /opt/airflow/dags
[2024-09-26T14:49:06.935+0000] {manager.py:762} INFO - There are 0 files in /opt/airflow/dags
[2024-09-26T14:54:07.620+0000] {manager.py:759} INFO - Searching for files in /opt/airflow/dags
[2024-09-26T14:54:07.621+0000] {manager.py:762} INFO - There are 0 files in /opt/airflow/dags
[2024-09-26T14:59:08.306+0000] {manager.py:759} INFO - Searching for files in /opt/airflow/dags
[2024-09-26T14:59:08.307+0000] {manager.py:762} INFO - There are 0 files in /opt/airflow/dags
[2024-09-26T15:04:08.951+0000] {manager.py:759} INFO - Searching for files in /opt/airflow/dags
[2024-09-26T15:04:08.951+0000] {manager.py:762} INFO - There are 0 files in /opt/airflow/dags
[2024-09-26T15:09:09.481+0000] {manager.py:759} INFO - Searching for files in /opt/airflow/dags
[2024-09-26T15:09:09.482+0000] {manager.py:762} INFO - There are 0 files in /opt/airflow/dags
[2024-09-26T15:14:10.114+0000] {manager.py:759} INFO - Searching for files in /opt/airflow/dags
[2024-09-26T15:14:10.115+0000] {manager.py:762} INFO - There are 0 files in /opt/airflow/dags
[2024-09-26T15:19:10.610+0000] {manager.py:759} INFO - Searching for files in /opt/airflow/dags
[2024-09-26T15:19:10.611+0000] {manager.py:762} INFO - There are 0 files in /opt/airflow/dags
[2024-09-26T15:24:11.104+0000] {manager.py:759} INFO - Searching for files in /opt/airflow/dags
[2024-09-26T15:24:11.104+0000] {manager.py:762} INFO - There are 0 files in /opt/airflow/dags
[2024-09-26T15:29:11.562+0000] {manager.py:759} INFO - Searching for files in /opt/airflow/dags
[2024-09-26T15:29:11.563+0000] {manager.py:762} INFO - There are 0 files in /opt/airflow/dags
[2024-09-26T15:34:12.028+0000] {manager.py:759} INFO - Searching for files in /opt/airflow/dags
[2024-09-26T15:34:12.029+0000] {manager.py:762} INFO - There are 0 files in /opt/airflow/dags
[2024-09-26T15:39:12.522+0000] {manager.py:759} INFO - Searching for files in /opt/airflow/dags
[2024-09-26T15:39:12.523+0000] {manager.py:762} INFO - There are 0 files in /opt/airflow/dags
[2024-09-26T15:44:12.974+0000] {manager.py:759} INFO - Searching for files in /opt/airflow/dags
[2024-09-26T15:44:12.975+0000] {manager.py:762} INFO - There are 0 files in /opt/airflow/dags
[2024-09-26T15:49:13.445+0000] {manager.py:759} INFO - Searching for files in /opt/airflow/dags
[2024-09-26T15:49:13.447+0000] {manager.py:762} INFO - There are 0 files in /opt/airflow/dags
[2024-09-26T15:54:13.642+0000] {manager.py:759} INFO - Searching for files in /opt/airflow/dags
[2024-09-26T15:54:13.643+0000] {manager.py:762} INFO - There are 0 files in /opt/airflow/dags
[2024-09-26T15:59:14.110+0000] {manager.py:759} INFO - Searching for files in /opt/airflow/dags
[2024-09-26T15:59:14.111+0000] {manager.py:762} INFO - There are 0 files in /opt/airflow/dags
[2024-09-26T16:04:14.585+0000] {manager.py:759} INFO - Searching for files in /opt/airflow/dags
[2024-09-26T16:04:14.586+0000] {manager.py:762} INFO - There are 0 files in /opt/airflow/dags
[2024-09-26T16:09:15.046+0000] {manager.py:759} INFO - Searching for files in /opt/airflow/dags
[2024-09-26T16:09:15.057+0000] {manager.py:762} INFO - There are 0 files in /opt/airflow/dags
[2024-09-26T16:14:15.370+0000] {manager.py:759} INFO - Searching for files in /opt/airflow/dags
[2024-09-26T16:14:15.371+0000] {manager.py:762} INFO - There are 0 files in /opt/airflow/dags
[2024-09-26T16:19:15.824+0000] {manager.py:759} INFO - Searching for files in /opt/airflow/dags
[2024-09-26T16:19:15.824+0000] {manager.py:762} INFO - There are 0 files in /opt/airflow/dags
[2024-09-26T16:24:16.169+0000] {manager.py:759} INFO - Searching for files in /opt/airflow/dags
[2024-09-26T16:24:16.171+0000] {manager.py:762} INFO - There are 0 files in /opt/airflow/dags
[2024-09-26T16:29:16.522+0000] {manager.py:759} INFO - Searching for files in /opt/airflow/dags
[2024-09-26T16:29:16.523+0000] {manager.py:762} INFO - There are 0 files in /opt/airflow/dags
[2024-09-26T16:34:17.038+0000] {manager.py:759} INFO - Searching for files in /opt/airflow/dags
[2024-09-26T16:34:17.039+0000] {manager.py:762} INFO - There are 0 files in /opt/airflow/dags
[2024-09-26T16:39:17.502+0000] {manager.py:759} INFO - Searching for files in /opt/airflow/dags
[2024-09-26T16:39:17.503+0000] {manager.py:762} INFO - There are 0 files in /opt/airflow/dags
[2024-09-26T16:44:17.963+0000] {manager.py:759} INFO - Searching for files in /opt/airflow/dags
[2024-09-26T16:44:17.964+0000] {manager.py:762} INFO - There are 0 files in /opt/airflow/dags
[2024-09-26T16:49:18.416+0000] {manager.py:759} INFO - Searching for files in /opt/airflow/dags
[2024-09-26T16:49:18.417+0000] {manager.py:762} INFO - There are 0 files in /opt/airflow/dags
[2024-09-26T16:54:18.826+0000] {manager.py:759} INFO - Searching for files in /opt/airflow/dags
[2024-09-26T16:54:18.827+0000] {manager.py:762} INFO - There are 0 files in /opt/airflow/dags
[2024-09-26T16:59:19.246+0000] {manager.py:759} INFO - Searching for files in /opt/airflow/dags
[2024-09-26T16:59:19.248+0000] {manager.py:762} INFO - There are 0 files in /opt/airflow/dags
[2024-09-26T17:04:19.811+0000] {manager.py:759} INFO - Searching for files in /opt/airflow/dags
[2024-09-26T17:04:19.812+0000] {manager.py:762} INFO - There are 0 files in /opt/airflow/dags
[2024-09-26T17:09:20.367+0000] {manager.py:759} INFO - Searching for files in /opt/airflow/dags
[2024-09-26T17:09:20.368+0000] {manager.py:762} INFO - There are 0 files in /opt/airflow/dags
[2024-09-26T17:14:20.849+0000] {manager.py:759} INFO - Searching for files in /opt/airflow/dags
[2024-09-26T17:14:20.858+0000] {manager.py:762} INFO - There are 0 files in /opt/airflow/dags
[2024-09-26T17:19:27.155+0000] {manager.py:759} INFO - Searching for files in /opt/airflow/dags
[2024-09-26T17:19:28.868+0000] {manager.py:762} INFO - There are 0 files in /opt/airflow/dags
[2024-09-26T17:23:47.326+0000] {manager.py:487} INFO - Processing files using up to 2 processes at a time 
[2024-09-26T17:23:47.326+0000] {manager.py:488} INFO - Process each file at most once every 30 seconds
[2024-09-26T17:23:47.326+0000] {manager.py:489} INFO - Checking for new files in /opt/airflow/dags every 300 seconds
[2024-09-26T17:23:47.326+0000] {manager.py:759} INFO - Searching for files in /opt/airflow/dags
[2024-09-26T17:23:47.326+0000] {manager.py:762} INFO - There are 0 files in /opt/airflow/dags
[2024-09-26T17:28:47.961+0000] {manager.py:759} INFO - Searching for files in /opt/airflow/dags
[2024-09-26T17:28:47.962+0000] {manager.py:762} INFO - There are 0 files in /opt/airflow/dags
[2024-09-26T17:33:48.443+0000] {manager.py:759} INFO - Searching for files in /opt/airflow/dags
[2024-09-26T17:33:48.444+0000] {manager.py:762} INFO - There are 0 files in /opt/airflow/dags
[2024-09-26T17:38:48.841+0000] {manager.py:759} INFO - Searching for files in /opt/airflow/dags
[2024-09-26T17:38:48.842+0000] {manager.py:762} INFO - There are 0 files in /opt/airflow/dags
[2024-09-26T17:43:49.440+0000] {manager.py:759} INFO - Searching for files in /opt/airflow/dags
[2024-09-26T17:43:49.441+0000] {manager.py:762} INFO - There are 0 files in /opt/airflow/dags
[2024-09-26T17:48:50.065+0000] {manager.py:759} INFO - Searching for files in /opt/airflow/dags
[2024-09-26T17:48:50.065+0000] {manager.py:762} INFO - There are 0 files in /opt/airflow/dags
[2024-09-26T17:53:50.347+0000] {manager.py:759} INFO - Searching for files in /opt/airflow/dags
[2024-09-26T17:53:50.348+0000] {manager.py:762} INFO - There are 0 files in /opt/airflow/dags
[2024-09-26T17:58:51.290+0000] {manager.py:759} INFO - Searching for files in /opt/airflow/dags
[2024-09-26T17:58:51.290+0000] {manager.py:762} INFO - There are 0 files in /opt/airflow/dags
[2024-09-26T18:03:52.102+0000] {manager.py:759} INFO - Searching for files in /opt/airflow/dags
[2024-09-26T18:03:52.102+0000] {manager.py:762} INFO - There are 0 files in /opt/airflow/dags
[2024-09-26T18:08:52.891+0000] {manager.py:759} INFO - Searching for files in /opt/airflow/dags
[2024-09-26T18:08:52.892+0000] {manager.py:762} INFO - There are 0 files in /opt/airflow/dags
[2024-09-26T18:13:53.794+0000] {manager.py:759} INFO - Searching for files in /opt/airflow/dags
[2024-09-26T18:13:53.794+0000] {manager.py:762} INFO - There are 0 files in /opt/airflow/dags
[2024-09-27T01:43:21.586+0000] {manager.py:487} INFO - Processing files using up to 2 processes at a time 
[2024-09-27T01:43:21.665+0000] {manager.py:488} INFO - Process each file at most once every 30 seconds
[2024-09-27T01:43:21.665+0000] {manager.py:489} INFO - Checking for new files in /opt/airflow/dags every 300 seconds
[2024-09-27T01:43:21.665+0000] {manager.py:759} INFO - Searching for files in /opt/airflow/dags
[2024-09-27T01:43:21.665+0000] {manager.py:762} INFO - There are 0 files in /opt/airflow/dags
[2024-09-27T01:48:21.813+0000] {manager.py:759} INFO - Searching for files in /opt/airflow/dags
[2024-09-27T01:48:21.814+0000] {manager.py:762} INFO - There are 0 files in /opt/airflow/dags
[2024-09-27T01:53:21.936+0000] {manager.py:759} INFO - Searching for files in /opt/airflow/dags
[2024-09-27T01:53:21.937+0000] {manager.py:762} INFO - There are 0 files in /opt/airflow/dags
[2024-09-27T01:58:22.041+0000] {manager.py:759} INFO - Searching for files in /opt/airflow/dags
[2024-09-27T01:58:22.041+0000] {manager.py:762} INFO - There are 0 files in /opt/airflow/dags
[2024-09-27T02:03:22.138+0000] {manager.py:759} INFO - Searching for files in /opt/airflow/dags
[2024-09-27T02:03:22.139+0000] {manager.py:762} INFO - There are 0 files in /opt/airflow/dags
[2024-09-27T02:08:22.258+0000] {manager.py:759} INFO - Searching for files in /opt/airflow/dags
[2024-09-27T02:08:22.259+0000] {manager.py:762} INFO - There are 0 files in /opt/airflow/dags
[2024-09-27T02:13:22.425+0000] {manager.py:759} INFO - Searching for files in /opt/airflow/dags
[2024-09-27T02:13:22.425+0000] {manager.py:762} INFO - There are 0 files in /opt/airflow/dags
[2024-09-27T02:18:22.553+0000] {manager.py:759} INFO - Searching for files in /opt/airflow/dags
[2024-09-27T02:18:22.554+0000] {manager.py:762} INFO - There are 0 files in /opt/airflow/dags
[2024-09-27T02:23:22.682+0000] {manager.py:759} INFO - Searching for files in /opt/airflow/dags
[2024-09-27T02:23:22.683+0000] {manager.py:762} INFO - There are 0 files in /opt/airflow/dags
[2024-09-27T02:28:22.838+0000] {manager.py:759} INFO - Searching for files in /opt/airflow/dags
[2024-09-27T02:28:22.838+0000] {manager.py:762} INFO - There are 0 files in /opt/airflow/dags
[2024-09-27T02:33:22.989+0000] {manager.py:759} INFO - Searching for files in /opt/airflow/dags
[2024-09-27T02:33:22.989+0000] {manager.py:762} INFO - There are 0 files in /opt/airflow/dags
[2024-09-27T02:38:23.134+0000] {manager.py:759} INFO - Searching for files in /opt/airflow/dags
[2024-09-27T02:38:23.134+0000] {manager.py:762} INFO - There are 0 files in /opt/airflow/dags
[2024-09-27T02:43:23.301+0000] {manager.py:759} INFO - Searching for files in /opt/airflow/dags
[2024-09-27T02:43:23.301+0000] {manager.py:762} INFO - There are 0 files in /opt/airflow/dags
[2024-09-27T02:48:23.424+0000] {manager.py:759} INFO - Searching for files in /opt/airflow/dags
[2024-09-27T02:48:23.425+0000] {manager.py:762} INFO - There are 0 files in /opt/airflow/dags
[2024-09-27T02:53:23.630+0000] {manager.py:759} INFO - Searching for files in /opt/airflow/dags
[2024-09-27T02:53:23.630+0000] {manager.py:762} INFO - There are 0 files in /opt/airflow/dags
[2024-09-27T02:58:23.839+0000] {manager.py:759} INFO - Searching for files in /opt/airflow/dags
[2024-09-27T02:58:23.840+0000] {manager.py:762} INFO - There are 0 files in /opt/airflow/dags
[2024-09-27T03:03:24.065+0000] {manager.py:759} INFO - Searching for files in /opt/airflow/dags
[2024-09-27T03:03:24.065+0000] {manager.py:762} INFO - There are 0 files in /opt/airflow/dags
[2024-09-27T03:05:35.066+0000] {manager.py:469} INFO - Exiting gracefully upon receiving signal 15
[2024-09-27T03:10:13.211+0000] {manager.py:487} INFO - Processing files using up to 2 processes at a time 
[2024-09-27T03:10:13.226+0000] {manager.py:488} INFO - Process each file at most once every 30 seconds
[2024-09-27T03:10:13.226+0000] {manager.py:489} INFO - Checking for new files in /opt/airflow/dags every 300 seconds
[2024-09-27T03:10:13.226+0000] {manager.py:759} INFO - Searching for files in /opt/airflow/dags
[2024-09-27T03:10:13.227+0000] {manager.py:762} INFO - There are 0 files in /opt/airflow/dags
[2024-09-27T03:15:13.495+0000] {manager.py:759} INFO - Searching for files in /opt/airflow/dags
[2024-09-27T03:15:13.496+0000] {manager.py:762} INFO - There are 0 files in /opt/airflow/dags
[2024-09-27T03:20:13.718+0000] {manager.py:759} INFO - Searching for files in /opt/airflow/dags
[2024-09-27T03:20:13.718+0000] {manager.py:762} INFO - There are 0 files in /opt/airflow/dags
[2024-09-27T08:02:03.694+0000] {manager.py:487} INFO - Processing files using up to 2 processes at a time 
[2024-09-27T08:02:03.705+0000] {manager.py:488} INFO - Process each file at most once every 30 seconds
[2024-09-27T08:02:03.705+0000] {manager.py:489} INFO - Checking for new files in /opt/airflow/dags every 300 seconds
[2024-09-27T08:02:03.705+0000] {manager.py:759} INFO - Searching for files in /opt/airflow/dags
[2024-09-27T08:02:03.705+0000] {manager.py:762} INFO - There are 0 files in /opt/airflow/dags
[2024-09-27T08:07:04.220+0000] {manager.py:759} INFO - Searching for files in /opt/airflow/dags
[2024-09-27T08:07:04.221+0000] {manager.py:762} INFO - There are 0 files in /opt/airflow/dags
[2024-09-27T08:12:04.462+0000] {manager.py:759} INFO - Searching for files in /opt/airflow/dags
[2024-09-27T08:12:04.462+0000] {manager.py:762} INFO - There are 0 files in /opt/airflow/dags
[2024-09-27T08:17:04.643+0000] {manager.py:759} INFO - Searching for files in /opt/airflow/dags
[2024-09-27T08:17:04.644+0000] {manager.py:762} INFO - There are 0 files in /opt/airflow/dags
[2024-09-27T08:19:48.920+0000] {manager.py:469} INFO - Exiting gracefully upon receiving signal 15
[2024-09-27T08:21:46.427+0000] {manager.py:487} INFO - Processing files using up to 2 processes at a time 
[2024-09-27T08:21:46.441+0000] {manager.py:488} INFO - Process each file at most once every 30 seconds
[2024-09-27T08:21:46.441+0000] {manager.py:489} INFO - Checking for new files in /opt/airflow/dags every 300 seconds
[2024-09-27T08:21:46.442+0000] {manager.py:759} INFO - Searching for files in /opt/airflow/dags
[2024-09-27T08:21:46.442+0000] {manager.py:762} INFO - There are 0 files in /opt/airflow/dags
[2024-09-27T08:26:46.721+0000] {manager.py:759} INFO - Searching for files in /opt/airflow/dags
[2024-09-27T08:26:46.721+0000] {manager.py:762} INFO - There are 0 files in /opt/airflow/dags
[2024-09-27T08:31:46.839+0000] {manager.py:759} INFO - Searching for files in /opt/airflow/dags
[2024-09-27T08:31:46.839+0000] {manager.py:762} INFO - There are 0 files in /opt/airflow/dags
[2024-09-27T08:31:57.286+0000] {manager.py:469} INFO - Exiting gracefully upon receiving signal 15
